{
  "RSpec": {
    "coverage": {
      "/Users/david/Desktop/projects/bookmark_manager/app/app.rb": [
        1,
        1,
        null,
        1,
        1,
        1,
        null,
        null,
        1,
        1,
        1,
        null,
        null,
        1,
        null
      ],
      "/Users/david/Desktop/projects/bookmark_manager/lib/bookmark.rb": [
        1,
        null,
        1,
        null,
        1,
        3,
        3,
        null,
        null,
        1,
        4,
        null,
        null,
        null
      ],
      "/Users/david/Desktop/projects/bookmark_manager/spec/bookmark_spec.rb": [
        1,
        null,
        1,
        1,
        4,
        null,
        1,
        1,
        null,
        null,
        1,
        1,
        null,
        null
      ],
      "/Users/david/Desktop/projects/bookmark_manager/spec/features/feature_spec.rb": [
        1,
        1,
        1,
        1,
        null,
        null
      ],
      "/Users/david/Desktop/projects/bookmark_manager/spec/features/viewing_bookmarks_feature_spec.rb": [
        1,
        1,
        1,
        1,
        1,
        1,
        1,
        null,
        null
      ]
    },
    "timestamp": 1548690189
  }
}
